<?xml version="1.0" encoding="UTF-8"?>
<!-- Generated by org.testng.reporters.JUnitXMLReporter -->
<testsuite ignored="0" hostname="DESKTOP-P7M2M71" failures="0" tests="7" name="Test" time="0.174" errors="0" timestamp="2022-12-28T16:48:50 IST">
  <testcase classname="com.testng.prep.ParallerTest1" name="pTestFour" time="0.02"/>
  <testcase classname="com.testng.prep.ParallerTest1" name="pTestOne" time="0.003"/>
  <testcase classname="com.testng.prep.ParallerTest1" name="pTestThree" time="0.005"/>
  <testcase classname="com.testng.prep.ParallerTest1" name="pTestTwo" time="0.004"/>
  <testcase classname="com.testng.prep.DataProviderTest" name="dtReader" time="0.019"/>
  <testcase classname="com.testng.prep.DataProviderTest" name="dtReader" time="0.008"/>
  <testcase classname="com.testng.prep.DataProviderTest" name="dtReader" time="0.003"/>
</testsuite> <!-- Test -->
