<?xml version="1.0" encoding="UTF-8"?>
<!-- Generated by org.testng.reporters.JUnitXMLReporter -->
<testsuite ignored="4" hostname="DESKTOP-P7M2M71" failures="0" tests="0" time="0.021" errors="0" timestamp="2022-12-28T14:57:11 IST">
  <testcase classname="com.testng.prep.ParallerTest1" name="pTestOne" time="0.0">
    <ignored/>
  </testcase> <!-- pTestOne -->
  <testcase classname="com.testng.prep.ParallerTest1" name="pTestThree" time="0.0">
    <ignored/>
  </testcase> <!-- pTestThree -->
  <testcase classname="com.testng.prep.ParallerTest1" name="pTestFour" time="0.0">
    <ignored/>
  </testcase> <!-- pTestFour -->
  <testcase classname="com.testng.prep.ParallerTest1" name="pTestTwo" time="0.0">
    <ignored/>
  </testcase> <!-- pTestTwo -->
</testsuite>
