<?xml version="1.0" encoding="UTF-8"?>
<testng-results ignored="0" total="7" passed="7" failed="0" skipped="0">
  <reporter-output>
  </reporter-output>
  <suite started-at="2022-12-28T16:48:50 IST" name="Suite" finished-at="2022-12-28T16:48:50 IST" duration-ms="174">
    <groups>
    </groups>
    <test started-at="2022-12-28T16:48:50 IST" name="Test" finished-at="2022-12-28T16:48:50 IST" duration-ms="174">
      <class name="com.testng.prep.DataProviderTest">
        <test-method signature="dtReader(java.lang.String,java.lang.String)[pri:0, instance:com.testng.prep.DataProviderTest@366647c2]" started-at="2022-12-28T16:48:50 IST" name="dtReader" data-provider="getData" finished-at="2022-12-28T16:48:50 IST" duration-ms="19" status="PASS">
          <params>
            <param index="0">
              <value>
                <![CDATA[firstuser]]>
              </value>
            </param>
            <param index="1">
              <value>
                <![CDATA[pwd1]]>
              </value>
            </param>
          </params>
          <reporter-output>
          </reporter-output>
        </test-method> <!-- dtReader -->
        <test-method signature="dtReader(java.lang.String,java.lang.String)[pri:0, instance:com.testng.prep.DataProviderTest@366647c2]" started-at="2022-12-28T16:48:50 IST" name="dtReader" data-provider="getData" finished-at="2022-12-28T16:48:50 IST" duration-ms="8" status="PASS">
          <params>
            <param index="0">
              <value>
                <![CDATA[seconduser]]>
              </value>
            </param>
            <param index="1">
              <value>
                <![CDATA[pwd2]]>
              </value>
            </param>
          </params>
          <reporter-output>
          </reporter-output>
        </test-method> <!-- dtReader -->
        <test-method signature="dtReader(java.lang.String,java.lang.String)[pri:0, instance:com.testng.prep.DataProviderTest@366647c2]" started-at="2022-12-28T16:48:50 IST" name="dtReader" data-provider="getData" finished-at="2022-12-28T16:48:50 IST" duration-ms="3" status="PASS">
          <params>
            <param index="0">
              <value>
                <![CDATA[thirduser]]>
              </value>
            </param>
            <param index="1">
              <value>
                <![CDATA[pwd3]]>
              </value>
            </param>
          </params>
          <reporter-output>
          </reporter-output>
        </test-method> <!-- dtReader -->
      </class> <!-- com.testng.prep.DataProviderTest -->
      <class name="com.testng.prep.ParallerTest1">
        <test-method signature="pTestFour()[pri:0, instance:com.testng.prep.ParallerTest1@55536d9e]" started-at="2022-12-28T16:48:50 IST" name="pTestFour" finished-at="2022-12-28T16:48:50 IST" duration-ms="20" status="PASS">
          <reporter-output>
          </reporter-output>
        </test-method> <!-- pTestFour -->
        <test-method signature="pTestOne()[pri:0, instance:com.testng.prep.ParallerTest1@55536d9e]" started-at="2022-12-28T16:48:50 IST" name="pTestOne" finished-at="2022-12-28T16:48:50 IST" duration-ms="3" status="PASS">
          <reporter-output>
          </reporter-output>
        </test-method> <!-- pTestOne -->
        <test-method signature="pTestThree()[pri:0, instance:com.testng.prep.ParallerTest1@55536d9e]" started-at="2022-12-28T16:48:50 IST" name="pTestThree" finished-at="2022-12-28T16:48:50 IST" duration-ms="5" status="PASS">
          <reporter-output>
          </reporter-output>
        </test-method> <!-- pTestThree -->
        <test-method signature="pTestTwo()[pri:0, instance:com.testng.prep.ParallerTest1@55536d9e]" started-at="2022-12-28T16:48:50 IST" name="pTestTwo" finished-at="2022-12-28T16:48:50 IST" duration-ms="4" status="PASS">
          <reporter-output>
          </reporter-output>
        </test-method> <!-- pTestTwo -->
      </class> <!-- com.testng.prep.ParallerTest1 -->
    </test> <!-- Test -->
  </suite> <!-- Suite -->
</testng-results>
